# JRE version: OpenJDK Runtime Environment (8.0_112-b06) (build 1.8.0_112-release-b06)
# Java VM: OpenJDK 64-Bit Server VM (25.112-b06 mixed mode bsd-amd64 compressed oops)
Heap:
 PSYoungGen      total 442880K, used 248205K [0x00000007a0000000, 0x00000007bfa80000, 0x00000007c0000000)
  eden space 373248K, 62% used [0x00000007a0000000,0x00000007ae208a58,0x00000007b6c80000)
  from space 69632K, 24% used [0x00000007b6c80000,0x00000007b7cdacc0,0x00000007bb080000)
  to   space 67584K, 0% used [0x00000007bb880000,0x00000007bb880000,0x00000007bfa80000)
 ParOldGen       total 350208K, used 128198K [0x0000000760000000, 0x0000000775600000, 0x00000007a0000000)
  object space 350208K, 36% used [0x0000000760000000,0x0000000767d319a0,0x0000000775600000)
 Metaspace       used 170406K, capacity 186278K, committed 186496K, reserved 1212416K
  class space    used 21755K, capacity 23856K, committed 23936K, reserved 1048576K
GC Heap History (10 events):
Event: 4079.801 GC heap before
{Heap before GC invocations=44 (full 5):
 PSYoungGen      total 443904K, used 417832K [0x00000007a0000000, 0x00000007c0000000, 0x00000007c0000000)
  eden space 369664K, 100% used [0x00000007a0000000,0x00000007b6900000,0x00000007b6900000)
  from space 74240K, 64% used [0x00000007bb600000,0x00000007be50a060,0x00000007bfe80000)
  to   space 77312K, 0% used [0x00000007b6900000,0x00000007b6900000,0x00000007bb480000)
 ParOldGen       total 350208K, used 121038K [0x0000000760000000, 0x0000000775600000, 0x00000007a0000000)
  object space 350208K, 34% used [0x0000000760000000,0x0000000767633838,0x0000000775600000)
 Metaspace       used 168903K, capacity 184350K, committed 184704K, reserved 1210368K
  class space    used 21555K, capacity 23624K, committed 23680K, reserved 1048576K
Event: 4079.817 GC heap after
Heap after GC invocations=44 (full 5):
 PSYoungGen      total 414720K, used 44966K [0x00000007a0000000, 0x00000007c0000000, 0x00000007c0000000)
  eden space 369664K, 0% used [0x00000007a0000000,0x00000007a0000000,0x00000007b6900000)
  from space 45056K, 99% used [0x00000007b6900000,0x00000007b94e9b98,0x00000007b9500000)
  to   space 77824K, 0% used [0x00000007bb400000,0x00000007bb400000,0x00000007c0000000)
 ParOldGen       total 350208K, used 122358K [0x0000000760000000, 0x0000000775600000, 0x00000007a0000000)
  object space 350208K, 34% used [0x0000000760000000,0x000000076777d860,0x0000000775600000)
 Metaspace       used 168903K, capacity 184350K, committed 184704K, reserved 1210368K
  class space    used 21555K, capacity 23624K, committed 23680K, reserved 1048576K
}
Event: 4080.071 GC heap before
{Heap before GC invocations=45 (full 5):
 PSYoungGen      total 414720K, used 414630K [0x00000007a0000000, 0x00000007c0000000, 0x00000007c0000000)
  eden space 369664K, 100% used [0x00000007a0000000,0x00000007b6900000,0x00000007b6900000)
  from space 45056K, 99% used [0x00000007b6900000,0x00000007b94e9b98,0x00000007b9500000)
  to   space 77824K, 0% used [0x00000007bb400000,0x00000007bb400000,0x00000007c0000000)
 ParOldGen       total 350208K, used 122358K [0x0000000760000000, 0x0000000775600000, 0x00000007a0000000)
  object space 350208K, 34% used [0x0000000760000000,0x000000076777d860,0x0000000775600000)
 Metaspace       used 169517K, capacity 184976K, committed 185344K, reserved 1210368K
  class space    used 21654K, capacity 23723K, committed 23808K, reserved 1048576K
Event: 4080.094 GC heap after
Heap after GC invocations=45 (full 5):
 PSYoungGen      total 449536K, used 25094K [0x00000007a0000000, 0x00000007c0000000, 0x00000007c0000000)
  eden space 371712K, 0% used [0x00000007a0000000,0x00000007a0000000,0x00000007b6b00000)
  from space 77824K, 32% used [0x00000007bb400000,0x00000007bcc81900,0x00000007c0000000)
  to   space 74752K, 0% used [0x00000007b6b00000,0x00000007b6b00000,0x00000007bb400000)
 ParOldGen       total 350208K, used 123522K [0x0000000760000000, 0x0000000775600000, 0x00000007a0000000)
  object space 350208K, 35% used [0x0000000760000000,0x00000007678a0890,0x0000000775600000)
 Metaspace       used 169517K, capacity 184976K, committed 185344K, reserved 1210368K
  class space    used 21654K, capacity 23723K, committed 23808K, reserved 1048576K
}
Event: 4080.374 GC heap before
{Heap before GC invocations=46 (full 5):
 PSYoungGen      total 449536K, used 396319K [0x00000007a0000000, 0x00000007c0000000, 0x00000007c0000000)
  eden space 371712K, 99% used [0x00000007a0000000,0x00000007b6a86680,0x00000007b6b00000)
  from space 77824K, 32% used [0x00000007bb400000,0x00000007bcc81900,0x00000007c0000000)
  to   space 74752K, 0% used [0x00000007b6b00000,0x00000007b6b00000,0x00000007bb400000)
 ParOldGen       total 350208K, used 123522K [0x0000000760000000, 0x0000000775600000, 0x00000007a0000000)
  object space 350208K, 35% used [0x0000000760000000,0x00000007678a0890,0x0000000775600000)
 Metaspace       used 169615K, capacity 185060K, committed 185344K, reserved 1210368K
  class space    used 21658K, capacity 23727K, committed 23808K, reserved 1048576K
Event: 4080.388 GC heap after
Heap after GC invocations=46 (full 5):
 PSYoungGen      total 396288K, used 24216K [0x00000007a0000000, 0x00000007bf600000, 0x00000007c0000000)
  eden space 371712K, 0% used [0x00000007a0000000,0x00000007a0000000,0x00000007b6b00000)
  from space 24576K, 98% used [0x00000007b6b00000,0x00000007b82a6368,0x00000007b8300000)
  to   space 71168K, 0% used [0x00000007bb080000,0x00000007bb080000,0x00000007bf600000)
 ParOldGen       total 350208K, used 125642K [0x0000000760000000, 0x0000000775600000, 0x00000007a0000000)
  object space 350208K, 35% used [0x0000000760000000,0x0000000767ab2900,0x0000000775600000)
 Metaspace       used 169615K, capacity 185060K, committed 185344K, reserved 1210368K
  class space    used 21658K, capacity 23727K, committed 23808K, reserved 1048576K
}
Event: 4267.250 GC heap before
{Heap before GC invocations=47 (full 5):
 PSYoungGen      total 396288K, used 395928K [0x00000007a0000000, 0x00000007bf600000, 0x00000007c0000000)
  eden space 371712K, 100% used [0x00000007a0000000,0x00000007b6b00000,0x00000007b6b00000)
  from space 24576K, 98% used [0x00000007b6b00000,0x00000007b82a6368,0x00000007b8300000)
  to   space 71168K, 0% used [0x00000007bb080000,0x00000007bb080000,0x00000007bf600000)
 ParOldGen       total 350208K, used 125642K [0x0000000760000000, 0x0000000775600000, 0x00000007a0000000)
  object space 350208K, 35% used [0x0000000760000000,0x0000000767ab2900,0x0000000775600000)
 Metaspace       used 169841K, capacity 185458K, committed 185600K, reserved 1210368K
  class space    used 21697K, capacity 23752K, committed 23808K, reserved 1048576K
Event: 4267.263 GC heap after
Heap after GC invocations=47 (full 5):
 PSYoungGen      total 444416K, used 14771K [0x00000007a0000000, 0x00000007c0000000, 0x00000007c0000000)
  eden space 373248K, 0% used [0x00000007a0000000,0x00000007a0000000,0x00000007b6c80000)
  from space 71168K, 20% used [0x00000007bb080000,0x00000007bbeecc78,0x00000007bf600000)
  to   space 69632K, 0% used [0x00000007b6c80000,0x00000007b6c80000,0x00000007bb080000)
 ParOldGen       total 350208K, used 126730K [0x0000000760000000, 0x0000000775600000, 0x00000007a0000000)
  object space 350208K, 36% used [0x0000000760000000,0x0000000767bc2940,0x0000000775600000)
 Metaspace       used 169841K, capacity 185458K, committed 185600K, reserved 1210368K
  class space    used 21697K, capacity 23752K, committed 23808K, reserved 1048576K
}
Event: 4690.576 GC heap before
{Heap before GC invocations=48 (full 5):
 PSYoungGen      total 444416K, used 388019K [0x00000007a0000000, 0x00000007c0000000, 0x00000007c0000000)
  eden space 373248K, 100% used [0x00000007a0000000,0x00000007b6c80000,0x00000007b6c80000)
  from space 71168K, 20% used [0x00000007bb080000,0x00000007bbeecc78,0x00000007bf600000)
  to   space 69632K, 0% used [0x00000007b6c80000,0x00000007b6c80000,0x00000007bb080000)
 ParOldGen       total 350208K, used 126730K [0x0000000760000000, 0x0000000775600000, 0x00000007a0000000)
  object space 350208K, 36% used [0x0000000760000000,0x0000000767bc2940,0x0000000775600000)
 Metaspace       used 170005K, capacity 185744K, committed 185856K, reserved 1212416K
  class space    used 21716K, capacity 23773K, committed 23808K, reserved 1048576K
Event: 4690.587 GC heap after
Heap after GC invocations=48 (full 5):
 PSYoungGen      total 442880K, used 16747K [0x00000007a0000000, 0x00000007bfa80000, 0x00000007c0000000)
  eden space 373248K, 0% used [0x00000007a0000000,0x00000007a0000000,0x00000007b6c80000)
  from space 69632K, 24% used [0x00000007b6c80000,0x00000007b7cdacc0,0x00000007bb080000)
  to   space 67584K, 0% used [0x00000007bb880000,0x00000007bb880000,0x00000007bfa80000)
 ParOldGen       total 350208K, used 128198K [0x0000000760000000, 0x0000000775600000, 0x00000007a0000000)
  object space 350208K, 36% used [0x0000000760000000,0x0000000767d319a0,0x0000000775600000)
 Metaspace       used 170005K, capacity 185744K, committed 185856K, reserved 1212416K
  class space    used 21716K, capacity 23773K, committed 23808K, reserved 1048576K
}

